%!Adobe-FontList 1.22
%Locale:0x410

%BeginFont
Handler:DirectoryHandler
FontType:Type1
FontName:Norwester-Regular
FamilyName:Norwester
StyleName:Regular
FullName:Norwester
MenuName:Norwester
StyleBits:0
WritingScript:Roman
OutlineFileName:C:\Users\AleandroRom.FRATELLIGUZZINI\Desktop\SAMBET\Font\norwester.otf
DataFormat:sfntData
UsesStandardEncoding:yes
isCFF:yes
hasSVG:no
VariableFontType:NonVariableFont
FileLength:11392
FileModTime:1600835710
WeightClass:400
WidthClass:3
AngleClass:0
NameArray:0,Mac,4,Norwester
NameArray:0,Win,1,Norwester
%EndFont

